2025-02-24 19:31:45 0 [Note] Starting MariaDB 10.4.32-MariaDB source revision c4143f909528e3fab0677a28631d10389354c491 as process 18416
2025-02-24 19:31:45 0 [Note] InnoDB: Mutexes and rw_locks use Windows interlocked functions
2025-02-24 19:31:45 0 [Note] InnoDB: Uses event mutexes
2025-02-24 19:31:45 0 [Note] InnoDB: Compressed tables use zlib 1.3
2025-02-24 19:31:45 0 [Note] InnoDB: Number of pools: 1
2025-02-24 19:31:45 0 [Note] InnoDB: Using SSE2 crc32 instructions
2025-02-24 19:31:45 0 [Note] InnoDB: Initializing buffer pool, total size = 16M, instances = 1, chunk size = 16M
2025-02-24 19:31:45 0 [Note] InnoDB: Completed initialization of buffer pool
2025-02-24 19:31:45 0 [Note] InnoDB: Starting crash recovery from checkpoint LSN=300288
2025-02-24 19:31:45 0 [Note] InnoDB: 128 out of 128 rollback segments are active.
2025-02-24 19:31:45 0 [Note] InnoDB: Removed temporary tablespace data file: "ibtmp1"
2025-02-24 19:31:45 0 [Note] InnoDB: Creating shared tablespace for temporary tables
2025-02-24 19:31:45 0 [Note] InnoDB: Setting file 'C:\Users\Cristian\Documents\Java\Programacion Avanzada\Corte 1\Proyecto-Programacion\Poryecto-Final-Corte-1\ChicasMagicas\Base-De-Datos\mysql\data\ibtmp1' size to 12 MB. Physically writing the file full; Please wait ...
2025-02-24 19:31:45 0 [Note] InnoDB: File 'C:\Users\Cristian\Documents\Java\Programacion Avanzada\Corte 1\Proyecto-Programacion\Poryecto-Final-Corte-1\ChicasMagicas\Base-De-Datos\mysql\data\ibtmp1' size is now 12 MB.
2025-02-24 19:31:45 0 [Note] InnoDB: Waiting for purge to start
2025-02-24 19:31:45 0 [Note] InnoDB: 10.4.32 started; log sequence number 300297; transaction id 170
2025-02-24 19:31:45 0 [Note] InnoDB: Loading buffer pool(s) from C:\Users\Cristian\Documents\Java\Programacion Avanzada\Corte 1\Proyecto-Programacion\Poryecto-Final-Corte-1\ChicasMagicas\Base-De-Datos\mysql\data\ib_buffer_pool
2025-02-24 19:31:45 0 [Note] Plugin 'FEEDBACK' is disabled.
2025-02-24 19:31:45 0 [Note] Server socket created on IP: '::'.
2025-02-25 18:33:45 0 [Note] Starting MariaDB 10.4.32-MariaDB source revision c4143f909528e3fab0677a28631d10389354c491 as process 20828
2025-02-25 18:33:45 0 [Note] InnoDB: Mutexes and rw_locks use Windows interlocked functions
2025-02-25 18:33:45 0 [Note] InnoDB: Uses event mutexes
2025-02-25 18:33:45 0 [Note] InnoDB: Compressed tables use zlib 1.3
2025-02-25 18:33:45 0 [Note] InnoDB: Number of pools: 1
2025-02-25 18:33:45 0 [Note] InnoDB: Using SSE2 crc32 instructions
2025-02-25 18:33:45 0 [Note] InnoDB: Initializing buffer pool, total size = 16M, instances = 1, chunk size = 16M
2025-02-25 18:33:45 0 [Note] InnoDB: Completed initialization of buffer pool
2025-02-25 18:33:45 0 [Note] InnoDB: Starting crash recovery from checkpoint LSN=300943
2025-02-25 18:33:45 0 [Warning] InnoDB: Ignoring a doublewrite copy of page [page id: space=0, page number=330] with future log sequence number 301227
2025-02-25 18:33:45 0 [Warning] InnoDB: Ignoring a doublewrite copy of page [page id: space=16, page number=3] with future log sequence number 301247
2025-02-25 18:33:45 0 [ERROR] InnoDB: Page [page id: space=0, page number=193] log sequence number 301227 is in the future! Current system log sequence number 300961.
2025-02-25 18:33:45 0 [ERROR] InnoDB: Your database may be corrupt or you may have copied the InnoDB tablespace but not the InnoDB log files. Please refer to https://mariadb.com/kb/en/library/innodb-recovery-modes/ for information about forcing recovery.
2025-02-25 18:33:45 0 [ERROR] InnoDB: Page [page id: space=0, page number=330] log sequence number 301227 is in the future! Current system log sequence number 300961.
2025-02-25 18:33:45 0 [ERROR] InnoDB: Your database may be corrupt or you may have copied the InnoDB tablespace but not the InnoDB log files. Please refer to https://mariadb.com/kb/en/library/innodb-recovery-modes/ for information about forcing recovery.
2025-02-25 18:33:45 0 [Note] InnoDB: 128 out of 128 rollback segments are active.
2025-02-25 18:33:45 0 [Note] InnoDB: Removed temporary tablespace data file: "ibtmp1"
2025-02-25 18:33:45 0 [Note] InnoDB: Creating shared tablespace for temporary tables
2025-02-25 18:33:45 0 [Note] InnoDB: Setting file 'C:\Users\Cristian\Documents\Java\Programacion Avanzada\Corte 1\Proyecto-Programacion\Poryecto-Final-Corte-1\ChicasMagicas\Base-De-Datos\mysql\data\ibtmp1' size to 12 MB. Physically writing the file full; Please wait ...
2025-02-25 18:33:45 0 [Note] InnoDB: File 'C:\Users\Cristian\Documents\Java\Programacion Avanzada\Corte 1\Proyecto-Programacion\Poryecto-Final-Corte-1\ChicasMagicas\Base-De-Datos\mysql\data\ibtmp1' size is now 12 MB.
2025-02-25 18:33:45 0 [Note] InnoDB: Waiting for purge to start
2025-02-25 18:33:45 1 [ERROR] InnoDB: Page [page id: space=16, page number=3] log sequence number 301247 is in the future! Current system log sequence number 300961.
2025-02-25 18:33:45 1 [ERROR] InnoDB: Your database may be corrupt or you may have copied the InnoDB tablespace but not the InnoDB log files. Please refer to https://mariadb.com/kb/en/library/innodb-recovery-modes/ for information about forcing recovery.
2025-02-25 18:33:45 0 [Note] InnoDB: 10.4.32 started; log sequence number 300952; transaction id 218
2025-02-25 18:33:45 0 [Note] Plugin 'FEEDBACK' is disabled.
2025-02-25 18:33:45 0 [Note] InnoDB: Loading buffer pool(s) from C:\Users\Cristian\Documents\Java\Programacion Avanzada\Corte 1\Proyecto-Programacion\Poryecto-Final-Corte-1\ChicasMagicas\Base-De-Datos\mysql\data\ib_buffer_pool
2025-02-25 18:33:46 0 [Note] InnoDB: Buffer pool(s) load completed at 250225 18:33:46
2025-02-25 18:33:46 0 [Note] Server socket created on IP: '::'.
2025-02-25 19:34:32 0 [Note] Starting MariaDB 10.4.32-MariaDB source revision c4143f909528e3fab0677a28631d10389354c491 as process 1124
2025-02-25 19:34:32 0 [Note] InnoDB: Mutexes and rw_locks use Windows interlocked functions
2025-02-25 19:34:32 0 [Note] InnoDB: Uses event mutexes
2025-02-25 19:34:32 0 [Note] InnoDB: Compressed tables use zlib 1.3
2025-02-25 19:34:32 0 [Note] InnoDB: Number of pools: 1
2025-02-25 19:34:32 0 [Note] InnoDB: Using SSE2 crc32 instructions
2025-02-25 19:34:32 0 [Note] InnoDB: Initializing buffer pool, total size = 16M, instances = 1, chunk size = 16M
2025-02-25 19:34:32 0 [Note] InnoDB: Completed initialization of buffer pool
2025-02-25 19:34:32 0 [Note] InnoDB: Starting crash recovery from checkpoint LSN=331409
2025-02-25 19:34:32 0 [Note] InnoDB: 128 out of 128 rollback segments are active.
2025-02-25 19:34:32 0 [Note] InnoDB: Removed temporary tablespace data file: "ibtmp1"
2025-02-25 19:34:32 0 [Note] InnoDB: Creating shared tablespace for temporary tables
2025-02-25 19:34:32 0 [Note] InnoDB: Setting file 'C:\Users\Cristian\Documents\Java\Programacion Avanzada\Corte 1\Proyecto-Programacion\Poryecto-Final-Corte-1\ChicasMagicas\Base-De-Datos\mysql\data\ibtmp1' size to 12 MB. Physically writing the file full; Please wait ...
2025-02-25 19:34:32 0 [Note] InnoDB: File 'C:\Users\Cristian\Documents\Java\Programacion Avanzada\Corte 1\Proyecto-Programacion\Poryecto-Final-Corte-1\ChicasMagicas\Base-De-Datos\mysql\data\ibtmp1' size is now 12 MB.
2025-02-25 19:34:32 0 [Note] InnoDB: Waiting for purge to start
2025-02-25 19:34:32 0 [Note] InnoDB: 10.4.32 started; log sequence number 331418; transaction id 293
2025-02-25 19:34:32 0 [Note] InnoDB: Loading buffer pool(s) from C:\Users\Cristian\Documents\Java\Programacion Avanzada\Corte 1\Proyecto-Programacion\Poryecto-Final-Corte-1\ChicasMagicas\Base-De-Datos\mysql\data\ib_buffer_pool
2025-02-25 19:34:32 0 [Note] Plugin 'FEEDBACK' is disabled.
2025-02-25 19:34:32 0 [Note] Server socket created on IP: '::'.
2025-02-25 21:35:12 0 [Note] Starting MariaDB 10.4.32-MariaDB source revision c4143f909528e3fab0677a28631d10389354c491 as process 16564
2025-02-25 21:35:12 0 [Note] InnoDB: Mutexes and rw_locks use Windows interlocked functions
2025-02-25 21:35:12 0 [Note] InnoDB: Uses event mutexes
2025-02-25 21:35:12 0 [Note] InnoDB: Compressed tables use zlib 1.3
2025-02-25 21:35:12 0 [Note] InnoDB: Number of pools: 1
2025-02-25 21:35:12 0 [Note] InnoDB: Using SSE2 crc32 instructions
2025-02-25 21:35:12 0 [Note] InnoDB: Initializing buffer pool, total size = 16M, instances = 1, chunk size = 16M
2025-02-25 21:35:12 0 [Note] InnoDB: Completed initialization of buffer pool
2025-02-25 21:35:12 0 [Note] InnoDB: Starting crash recovery from checkpoint LSN=332193
2025-02-25 21:35:12 0 [Note] InnoDB: 128 out of 128 rollback segments are active.
2025-02-25 21:35:12 0 [Note] InnoDB: Removed temporary tablespace data file: "ibtmp1"
2025-02-25 21:35:12 0 [Note] InnoDB: Creating shared tablespace for temporary tables
2025-02-25 21:35:12 0 [Note] InnoDB: Setting file 'C:\Users\Cristian\Documents\Java\Programacion Avanzada\Corte 1\Proyecto-Programacion\Poryecto-Final-Corte-1\ChicasMagicas\Base-De-Datos\mysql\data\ibtmp1' size to 12 MB. Physically writing the file full; Please wait ...
2025-02-25 21:35:12 0 [Note] InnoDB: File 'C:\Users\Cristian\Documents\Java\Programacion Avanzada\Corte 1\Proyecto-Programacion\Poryecto-Final-Corte-1\ChicasMagicas\Base-De-Datos\mysql\data\ibtmp1' size is now 12 MB.
2025-02-25 21:35:12 0 [Note] InnoDB: Waiting for purge to start
2025-02-25 21:35:12 0 [Note] InnoDB: 10.4.32 started; log sequence number 332202; transaction id 320
2025-02-25 21:35:12 0 [Note] InnoDB: Loading buffer pool(s) from C:\Users\Cristian\Documents\Java\Programacion Avanzada\Corte 1\Proyecto-Programacion\Poryecto-Final-Corte-1\ChicasMagicas\Base-De-Datos\mysql\data\ib_buffer_pool
2025-02-25 21:35:12 0 [Note] Plugin 'FEEDBACK' is disabled.
2025-02-25 21:35:12 0 [Note] Server socket created on IP: '::'.
