[Mon Feb 24 19:31:44.841897 2025] [ssl:warn] [pid 3780:tid 452] AH01909: www.example.com:443:0 server certificate does NOT include an ID which matches the server name
[Mon Feb 24 19:31:44.889766 2025] [ssl:warn] [pid 3780:tid 452] AH01909: www.example.com:443:0 server certificate does NOT include an ID which matches the server name
[Mon Feb 24 19:31:44.932652 2025] [mpm_winnt:notice] [pid 3780:tid 452] AH00455: Apache/2.4.58 (Win64) OpenSSL/3.1.3 PHP/8.2.12 configured -- resuming normal operations
[Mon Feb 24 19:31:44.932652 2025] [mpm_winnt:notice] [pid 3780:tid 452] AH00456: Apache Lounge VS17 Server built: Oct 18 2023 13:03:18
[Mon Feb 24 19:31:44.932652 2025] [core:notice] [pid 3780:tid 452] AH00094: Command line: 'c:\\users\\cristian\\documents\\java\\programacion avanzada\\corte 1\\proyecto-programacion\\poryecto-final-corte-1\\chicasmagicas\\base-de-datos\\apache\\bin\\httpd.exe -d C:/Users/Cristian/Documents/Java/Programacion Avanzada/Corte 1/Proyecto-Programacion/Poryecto-Final-Corte-1/ChicasMagicas/Base-De-Datos/apache'
[Mon Feb 24 19:31:44.936641 2025] [mpm_winnt:notice] [pid 3780:tid 452] AH00418: Parent: Created child process 992
[Mon Feb 24 19:31:45.430320 2025] [ssl:warn] [pid 992:tid 456] AH01909: www.example.com:443:0 server certificate does NOT include an ID which matches the server name
[Mon Feb 24 19:31:45.472208 2025] [ssl:warn] [pid 992:tid 456] AH01909: www.example.com:443:0 server certificate does NOT include an ID which matches the server name
[Mon Feb 24 19:31:45.508112 2025] [mpm_winnt:notice] [pid 992:tid 456] AH00354: Child: Starting 150 worker threads.
[Mon Feb 24 19:54:58.553092 2025] [mpm_winnt:crit] [pid 992:tid 456] AH02538: Child: Parent process exited abruptly. Child process is ending
[Tue Feb 25 18:33:46.004091 2025] [ssl:warn] [pid 19244:tid 172] AH01909: www.example.com:443:0 server certificate does NOT include an ID which matches the server name
[Tue Feb 25 18:33:46.044491 2025] [core:warn] [pid 19244:tid 172] AH00098: pid file C:/Users/Cristian/Documents/Java/Programacion Avanzada/Corte 1/Proyecto-Programacion/Poryecto-Final-Corte-1/ChicasMagicas/Base-De-Datos/apache/logs/httpd.pid overwritten -- Unclean shutdown of previous Apache run?
[Tue Feb 25 18:33:46.046487 2025] [ssl:warn] [pid 19244:tid 172] AH01909: www.example.com:443:0 server certificate does NOT include an ID which matches the server name
[Tue Feb 25 18:33:46.135248 2025] [mpm_winnt:notice] [pid 19244:tid 172] AH00455: Apache/2.4.58 (Win64) OpenSSL/3.1.3 PHP/8.2.12 configured -- resuming normal operations
[Tue Feb 25 18:33:46.135248 2025] [mpm_winnt:notice] [pid 19244:tid 172] AH00456: Apache Lounge VS17 Server built: Oct 18 2023 13:03:18
[Tue Feb 25 18:33:46.135248 2025] [core:notice] [pid 19244:tid 172] AH00094: Command line: 'c:\\users\\cristian\\documents\\java\\programacion avanzada\\corte 1\\proyecto-programacion\\poryecto-final-corte-1\\chicasmagicas\\base-de-datos\\apache\\bin\\httpd.exe -d C:/Users/Cristian/Documents/Java/Programacion Avanzada/Corte 1/Proyecto-Programacion/Poryecto-Final-Corte-1/ChicasMagicas/Base-De-Datos/apache'
[Tue Feb 25 18:33:46.138241 2025] [mpm_winnt:notice] [pid 19244:tid 172] AH00418: Parent: Created child process 21444
[Tue Feb 25 18:33:46.514861 2025] [ssl:warn] [pid 21444:tid 448] AH01909: www.example.com:443:0 server certificate does NOT include an ID which matches the server name
[Tue Feb 25 18:33:46.552814 2025] [ssl:warn] [pid 21444:tid 448] AH01909: www.example.com:443:0 server certificate does NOT include an ID which matches the server name
[Tue Feb 25 18:33:46.589774 2025] [mpm_winnt:notice] [pid 21444:tid 448] AH00354: Child: Starting 150 worker threads.
[Tue Feb 25 19:34:32.512418 2025] [ssl:warn] [pid 3956:tid 424] AH01909: www.example.com:443:0 server certificate does NOT include an ID which matches the server name
[Tue Feb 25 19:34:32.550310 2025] [core:warn] [pid 3956:tid 424] AH00098: pid file C:/Users/Cristian/Documents/Java/Programacion Avanzada/Corte 1/Proyecto-Programacion/Poryecto-Final-Corte-1/ChicasMagicas/Base-De-Datos/apache/logs/httpd.pid overwritten -- Unclean shutdown of previous Apache run?
[Tue Feb 25 19:34:32.553275 2025] [ssl:warn] [pid 3956:tid 424] AH01909: www.example.com:443:0 server certificate does NOT include an ID which matches the server name
[Tue Feb 25 19:34:32.590199 2025] [mpm_winnt:notice] [pid 3956:tid 424] AH00455: Apache/2.4.58 (Win64) OpenSSL/3.1.3 PHP/8.2.12 configured -- resuming normal operations
[Tue Feb 25 19:34:32.590199 2025] [mpm_winnt:notice] [pid 3956:tid 424] AH00456: Apache Lounge VS17 Server built: Oct 18 2023 13:03:18
[Tue Feb 25 19:34:32.590199 2025] [core:notice] [pid 3956:tid 424] AH00094: Command line: 'c:\\users\\cristian\\documents\\java\\programacion avanzada\\corte 1\\proyecto-programacion\\poryecto-final-corte-1\\chicasmagicas\\base-de-datos\\apache\\bin\\httpd.exe -d C:/Users/Cristian/Documents/Java/Programacion Avanzada/Corte 1/Proyecto-Programacion/Poryecto-Final-Corte-1/ChicasMagicas/Base-De-Datos/apache'
[Tue Feb 25 19:34:32.592194 2025] [mpm_winnt:notice] [pid 3956:tid 424] AH00418: Parent: Created child process 7288
[Tue Feb 25 19:34:32.959768 2025] [ssl:warn] [pid 7288:tid 428] AH01909: www.example.com:443:0 server certificate does NOT include an ID which matches the server name
[Tue Feb 25 19:34:32.998591 2025] [ssl:warn] [pid 7288:tid 428] AH01909: www.example.com:443:0 server certificate does NOT include an ID which matches the server name
[Tue Feb 25 19:34:33.035341 2025] [mpm_winnt:notice] [pid 7288:tid 428] AH00354: Child: Starting 150 worker threads.
